<?xml version="1.0" encoding="UTF-8"?>
<!-- Generated by org.testng.reporters.JUnitXMLReporter -->
<testsuite hostname="sheche-pc" ignored="0" name="TestNGTest-23b1035e-f164-4a94-a742-0760e3cb925f" tests="2" failures="1" timestamp="22 Oct 2018 06:42:48 GMT" time="0.027" errors="0">
  <testcase name="failtest" time="0.006" classname="com.function.TestHelloWorld">
    <failure type="java.lang.AssertionError" message="expected [false] but found [true]">
      <![CDATA[java.lang.AssertionError: expected [false] but found [true]
at com.function.TestHelloWorld.failtest(TestHelloWorld.java:15)
at com.microsoft.java.test.runner.testng.TestNGRunner.run(TestNGRunner.java:29)
at com.microsoft.java.test.runner.testng.TestNGLauncher.execute(TestNGLauncher.java:29)
at com.microsoft.java.test.runner.Launcher.execute(Launcher.java:55)
at com.microsoft.java.test.runner.Launcher.main(Launcher.java:38)
... Removed 28 stack frames]]>
    </failure>
  </testcase> <!-- failtest -->
  <testcase name="testEmailGenerator" time="0.0" classname="com.function.TestHelloWorld"/>
</testsuite> <!-- TestNGTest-23b1035e-f164-4a94-a742-0760e3cb925f -->
