<?xml version="1.0" encoding="UTF-8"?>
<!-- Generated by org.testng.reporters.JUnitXMLReporter -->
<testsuite hostname="sheche-pc" ignored="0" name="TestNGTest-04f82330-c7a2-421e-ae5d-b9a965ad66da" tests="2" failures="1" timestamp="22 Oct 2018 06:34:09 GMT" time="0.045" errors="0">
  <testcase name="failtest" time="0.014" classname="com.function.TestHelloWorld">
    <failure type="java.lang.AssertionError" message="expected [false] but found [true]">
      <![CDATA[java.lang.AssertionError: expected [false] but found [true]
at com.function.TestHelloWorld.failtest(TestHelloWorld.java:15)
at com.microsoft.java.test.runner.testng.TestNGRunner.run(TestNGRunner.java:29)
at com.microsoft.java.test.runner.testng.TestNGLauncher.execute(TestNGLauncher.java:29)
at com.microsoft.java.test.runner.Launcher.execute(Launcher.java:55)
at com.microsoft.java.test.runner.Launcher.main(Launcher.java:38)
... Removed 28 stack frames]]>
    </failure>
  </testcase> <!-- failtest -->
  <testcase name="testEmailGenerator" time="0.001" classname="com.function.TestHelloWorld"/>
</testsuite> <!-- TestNGTest-04f82330-c7a2-421e-ae5d-b9a965ad66da -->
