<?xml version="1.0" encoding="UTF-8"?>
<testng-results skipped="0" failed="0" ignored="0" total="1" passed="1">
  <reporter-output>
  </reporter-output>
  <suite name="TestNGSuite" duration-ms="25" started-at="2018-10-18T01:51:22Z" finished-at="2018-10-18T01:51:22Z">
    <groups>
    </groups>
    <test name="TestNGTest-9f45c2e9-27b5-456e-8f89-301bc65f3e0f" duration-ms="25" started-at="2018-10-18T01:51:22Z" finished-at="2018-10-18T01:51:22Z">
      <class name="com.function.TestHelloWorld">
        <test-method status="PASS" signature="testEmailGenerator()[pri:0, instance:com.function.TestHelloWorld@4b553d26]" name="testEmailGenerator" duration-ms="6" started-at="2018-10-18T01:51:22Z" finished-at="2018-10-18T01:51:22Z">
          <reporter-output>
          </reporter-output>
        </test-method> <!-- testEmailGenerator -->
      </class> <!-- com.function.TestHelloWorld -->
    </test> <!-- TestNGTest-9f45c2e9-27b5-456e-8f89-301bc65f3e0f -->
  </suite> <!-- TestNGSuite -->
</testng-results>
