<?xml version="1.0" encoding="UTF-8"?>
<testng-results skipped="0" failed="0" ignored="0" total="1" passed="1">
  <reporter-output>
  </reporter-output>
  <suite name="Default Suite" duration-ms="34" started-at="2018-10-18T06:33:24Z" finished-at="2018-10-18T06:33:24Z">
    <groups>
    </groups>
    <test name="TestNGTest-4cc7d836-1dfd-43cc-9c17-326213c3ed8a" duration-ms="34" started-at="2018-10-18T06:33:24Z" finished-at="2018-10-18T06:33:24Z">
      <class name="com.function.TestHelloWorld">
        <test-method status="PASS" signature="testEmailGenerator()[pri:0, instance:com.function.TestHelloWorld@4b553d26]" name="testEmailGenerator" duration-ms="6" started-at="2018-10-18T06:33:24Z" finished-at="2018-10-18T06:33:24Z">
          <reporter-output>
          </reporter-output>
        </test-method> <!-- testEmailGenerator -->
      </class> <!-- com.function.TestHelloWorld -->
    </test> <!-- TestNGTest-4cc7d836-1dfd-43cc-9c17-326213c3ed8a -->
  </suite> <!-- Default Suite -->
</testng-results>
