<?xml version="1.0" encoding="UTF-8"?>
<!-- Generated by org.testng.reporters.JUnitXMLReporter -->
<testsuite hostname="sheche-pc" ignored="0" name="TestNGTest-0426bf44-25d1-4dfe-b90f-9c5f2eb4dfd0" tests="2" failures="1" timestamp="18 Oct 2018 06:11:06 GMT" time="0.031" errors="0">
  <testcase name="failTest" time="0.015" classname="com.function.TestHelloWorld">
    <failure type="java.lang.AssertionError" message="expected [true] but found [false]">
      <![CDATA[java.lang.AssertionError: expected [true] but found [false]
at com.function.TestHelloWorld.failTest(TestHelloWorld.java:15)
at com.microsoft.java.test.runner.testng.TestNGRunner.run(TestNGRunner.java:27)
at com.microsoft.java.test.runner.testng.TestNGLauncher.execute(TestNGLauncher.java:29)
at com.microsoft.java.test.runner.Launcher.execute(Launcher.java:55)
at com.microsoft.java.test.runner.Launcher.main(Launcher.java:38)
... Removed 26 stack frames]]>
    </failure>
  </testcase> <!-- failTest -->
  <testcase name="testEmailGenerator" time="0.0" classname="com.function.TestHelloWorld"/>
</testsuite> <!-- TestNGTest-0426bf44-25d1-4dfe-b90f-9c5f2eb4dfd0 -->
