<?xml version="1.0" encoding="UTF-8"?>
<!-- Generated by org.testng.reporters.JUnitXMLReporter -->
<testsuite hostname="sheche-pc" ignored="0" name="TestNGTest-8a510f7c-d812-458e-8ff3-4f2352899dff" tests="2" failures="1" timestamp="18 Oct 2018 05:18:22 GMT" time="0.027" errors="0">
  <testcase name="failTest" time="0.006" classname="com.function.TestHelloWorld">
    <failure type="java.lang.AssertionError" message="expected [true] but found [false]">
      <![CDATA[java.lang.AssertionError: expected [true] but found [false]
at com.function.TestHelloWorld.failTest(TestHelloWorld.java:15)
at com.microsoft.java.test.runner.testng.TestNGRunner.run(TestNGRunner.java:27)
at com.microsoft.java.test.runner.testng.TestNGLauncher.execute(TestNGLauncher.java:18)
at com.microsoft.java.test.runner.Launcher.execute(Launcher.java:55)
at com.microsoft.java.test.runner.Launcher.main(Launcher.java:38)
... Removed 26 stack frames]]>
    </failure>
  </testcase> <!-- failTest -->
  <testcase name="testEmailGenerator" time="0.0" classname="com.function.TestHelloWorld"/>
</testsuite> <!-- TestNGTest-8a510f7c-d812-458e-8ff3-4f2352899dff -->
